  counter_clerk.c
C:\Users\39320\Desktop\progetto_basi\calcioscommesse\calcioscommesse\counter_clerk.c(71,46): warning C4267: '=': conversione da 'size_t' a 'unsigned long'. Possibile perdita di dati.
C:\Users\39320\Desktop\progetto_basi\calcioscommesse\calcioscommesse\counter_clerk.c(75,39): warning C4267: '=': conversione da 'size_t' a 'unsigned long'. Possibile perdita di dati.
C:\Users\39320\Desktop\progetto_basi\calcioscommesse\calcioscommesse\counter_clerk.c(79,42): warning C4267: '=': conversione da 'size_t' a 'unsigned long'. Possibile perdita di dati.
C:\Users\39320\Desktop\progetto_basi\calcioscommesse\calcioscommesse\counter_clerk.c(87,42): warning C4267: '=': conversione da 'size_t' a 'unsigned long'. Possibile perdita di dati.
C:\Users\39320\Desktop\progetto_basi\calcioscommesse\calcioscommesse\counter_clerk.c(91,39): warning C4267: '=': conversione da 'size_t' a 'unsigned long'. Possibile perdita di dati.
C:\Users\39320\Desktop\progetto_basi\calcioscommesse\calcioscommesse\counter_clerk.c(95,41): warning C4267: '=': conversione da 'size_t' a 'unsigned long'. Possibile perdita di dati.
C:\Users\39320\Desktop\progetto_basi\calcioscommesse\calcioscommesse\counter_clerk.c(192,46): warning C4267: '=': conversione da 'size_t' a 'unsigned long'. Possibile perdita di dati.
C:\Users\39320\Desktop\progetto_basi\calcioscommesse\calcioscommesse\counter_clerk.c(196,39): warning C4267: '=': conversione da 'size_t' a 'unsigned long'. Possibile perdita di dati.
C:\Users\39320\Desktop\progetto_basi\calcioscommesse\calcioscommesse\counter_clerk.c(200,42): warning C4267: '=': conversione da 'size_t' a 'unsigned long'. Possibile perdita di dati.
C:\Users\39320\Desktop\progetto_basi\calcioscommesse\calcioscommesse\counter_clerk.c(208,42): warning C4267: '=': conversione da 'size_t' a 'unsigned long'. Possibile perdita di dati.
C:\Users\39320\Desktop\progetto_basi\calcioscommesse\calcioscommesse\counter_clerk.c(212,39): warning C4267: '=': conversione da 'size_t' a 'unsigned long'. Possibile perdita di dati.
C:\Users\39320\Desktop\progetto_basi\calcioscommesse\calcioscommesse\counter_clerk.c(216,41): warning C4267: '=': conversione da 'size_t' a 'unsigned long'. Possibile perdita di dati.
C:\Users\39320\Desktop\progetto_basi\calcioscommesse\calcioscommesse\counter_clerk.c(358,45): warning C4267: '=': conversione da 'size_t' a 'unsigned long'. Possibile perdita di dati.
C:\Users\39320\Desktop\progetto_basi\calcioscommesse\calcioscommesse\counter_clerk.c(366,46): warning C4267: '=': conversione da 'size_t' a 'unsigned long'. Possibile perdita di dati.
C:\Users\39320\Desktop\progetto_basi\calcioscommesse\calcioscommesse\counter_clerk.c(374,43): warning C4267: '=': conversione da 'size_t' a 'unsigned long'. Possibile perdita di dati.
C:\Users\39320\Desktop\progetto_basi\calcioscommesse\calcioscommesse\counter_clerk.c(585,45): warning C4267: '=': conversione da 'size_t' a 'unsigned long'. Possibile perdita di dati.
C:\Users\39320\Desktop\progetto_basi\calcioscommesse\calcioscommesse\counter_clerk.c(630,47): warning C4047: 'funzione': 'MYSQL_STMT *' differisce da 'void (__cdecl *)(MYSQL *)' nei livelli di riferimento indiretto
C:\Users\39320\Desktop\progetto_basi\calcioscommesse\calcioscommesse\counter_clerk.c(630,32): warning C4024: 'finish_with_stmt_error': tipi diversi tra il parametro 2 formale e quello effettivo
C:\Users\39320\Desktop\progetto_basi\calcioscommesse\calcioscommesse\counter_clerk.c(675,47): warning C4047: 'funzione': 'MYSQL_STMT *' differisce da 'void (__cdecl *)(MYSQL *)' nei livelli di riferimento indiretto
C:\Users\39320\Desktop\progetto_basi\calcioscommesse\calcioscommesse\counter_clerk.c(675,32): warning C4024: 'finish_with_stmt_error': tipi diversi tra il parametro 2 formale e quello effettivo
C:\Users\39320\Desktop\progetto_basi\calcioscommesse\calcioscommesse\counter_clerk.c(717,47): warning C4047: 'funzione': 'MYSQL_STMT *' differisce da 'void (__cdecl *)(MYSQL *)' nei livelli di riferimento indiretto
C:\Users\39320\Desktop\progetto_basi\calcioscommesse\calcioscommesse\counter_clerk.c(717,32): warning C4024: 'finish_with_stmt_error': tipi diversi tra il parametro 2 formale e quello effettivo
C:\Users\39320\Desktop\progetto_basi\calcioscommesse\calcioscommesse\counter_clerk.c(774,42): warning C4267: '=': conversione da 'size_t' a 'unsigned long'. Possibile perdita di dati.
  calcioscommesse.vcxproj -> C:\Users\39320\Desktop\progetto_basi\calcioscommesse\x64\Debug\calcioscommesse.exe
